<?xml version="1.0" encoding="UTF-8"?>
<testsuite xmlns:xsi="http://www.w3.org/2001/XMLSchema-instance" xsi:noNamespaceSchemaLocation="https://maven.apache.org/surefire/maven-surefire-plugin/xsd/surefire-test-report.xsd" name="namskram.AppTest" time="0.023" tests="1" errors="0" skipped="0" failures="0">
  <properties>
    <property name="java.specification.version" value="18"/>
    <property name="sun.cpu.isalist" value="amd64"/>
    <property name="sun.jnu.encoding" value="Cp1252"/>
    <property name="java.class.path" value="C:\Users\Brandon Du\.vscode\equipment-calculator\equipment-calculator\target\test-classes;C:\Users\Brandon Du\.vscode\equipment-calculator\equipment-calculator\target\classes;C:\Users\Brandon Du\.m2\repository\junit\junit\4.11\junit-4.11.jar;C:\Users\Brandon Du\.m2\repository\org\hamcrest\hamcrest-core\1.3\hamcrest-core-1.3.jar;C:\Users\Brandon Du\.m2\repository\net\sourceforge\tess4j\tess4j\5.12.0\tess4j-5.12.0.jar;C:\Users\Brandon Du\.m2\repository\com\github\jai-imageio\jai-imageio-core\1.4.0\jai-imageio-core-1.4.0.jar;C:\Users\Brandon Du\.m2\repository\commons-io\commons-io\2.16.1\commons-io-2.16.1.jar;C:\Users\Brandon Du\.m2\repository\net\java\dev\jna\jna\5.14.0\jna-5.14.0.jar;C:\Users\Brandon Du\.m2\repository\net\sourceforge\lept4j\lept4j\1.19.1\lept4j-1.19.1.jar;C:\Users\Brandon Du\.m2\repository\org\apache\pdfbox\pdfbox\3.0.2\pdfbox-3.0.2.jar;C:\Users\Brandon Du\.m2\repository\org\apache\pdfbox\pdfbox-io\3.0.2\pdfbox-io-3.0.2.jar;C:\Users\Brandon Du\.m2\repository\org\apache\pdfbox\fontbox\3.0.2\fontbox-3.0.2.jar;C:\Users\Brandon Du\.m2\repository\commons-logging\commons-logging\1.3.0\commons-logging-1.3.0.jar;C:\Users\Brandon Du\.m2\repository\org\apache\pdfbox\pdfbox-tools\3.0.2\pdfbox-tools-3.0.2.jar;C:\Users\Brandon Du\.m2\repository\org\apache\pdfbox\pdfbox-debugger\3.0.2\pdfbox-debugger-3.0.2.jar;C:\Users\Brandon Du\.m2\repository\info\picocli\picocli\4.7.5\picocli-4.7.5.jar;C:\Users\Brandon Du\.m2\repository\org\apache\pdfbox\jbig2-imageio\3.0.4\jbig2-imageio-3.0.4.jar;C:\Users\Brandon Du\.m2\repository\org\jboss\jboss-vfs\3.2.17.Final\jboss-vfs-3.2.17.Final.jar;C:\Users\Brandon Du\.m2\repository\org\jboss\logging\jboss-logging\3.1.4.GA\jboss-logging-3.1.4.GA.jar;C:\Users\Brandon Du\.m2\repository\org\slf4j\slf4j-api\2.0.13\slf4j-api-2.0.13.jar;C:\Users\Brandon Du\.m2\repository\org\slf4j\slf4j-nop\2.0.13\slf4j-nop-2.0.13.jar;C:\Users\Brandon Du\.m2\repository\org\openpnp\opencv\4.9.0-0\opencv-4.9.0-0.jar;C:\Users\Brandon Du\.m2\repository\org\bytedeco\opencv-platform\4.5.3-1.5.6\opencv-platform-4.5.3-1.5.6.jar;C:\Users\Brandon Du\.m2\repository\org\bytedeco\openblas-platform\0.3.17-1.5.6\openblas-platform-0.3.17-1.5.6.jar;C:\Users\Brandon Du\.m2\repository\org\bytedeco\javacpp-platform\1.5.6\javacpp-platform-1.5.6.jar;C:\Users\Brandon Du\.m2\repository\org\bytedeco\javacpp\1.5.6\javacpp-1.5.6-android-arm.jar;C:\Users\Brandon Du\.m2\repository\org\bytedeco\javacpp\1.5.6\javacpp-1.5.6-android-arm64.jar;C:\Users\Brandon Du\.m2\repository\org\bytedeco\javacpp\1.5.6\javacpp-1.5.6-android-x86.jar;C:\Users\Brandon Du\.m2\repository\org\bytedeco\javacpp\1.5.6\javacpp-1.5.6-android-x86_64.jar;C:\Users\Brandon Du\.m2\repository\org\bytedeco\javacpp\1.5.6\javacpp-1.5.6-ios-arm64.jar;C:\Users\Brandon Du\.m2\repository\org\bytedeco\javacpp\1.5.6\javacpp-1.5.6-ios-x86_64.jar;C:\Users\Brandon Du\.m2\repository\org\bytedeco\javacpp\1.5.6\javacpp-1.5.6-linux-armhf.jar;C:\Users\Brandon Du\.m2\repository\org\bytedeco\javacpp\1.5.6\javacpp-1.5.6-linux-arm64.jar;C:\Users\Brandon Du\.m2\repository\org\bytedeco\javacpp\1.5.6\javacpp-1.5.6-linux-ppc64le.jar;C:\Users\Brandon Du\.m2\repository\org\bytedeco\javacpp\1.5.6\javacpp-1.5.6-linux-x86.jar;C:\Users\Brandon Du\.m2\repository\org\bytedeco\javacpp\1.5.6\javacpp-1.5.6-linux-x86_64.jar;C:\Users\Brandon Du\.m2\repository\org\bytedeco\javacpp\1.5.6\javacpp-1.5.6-macosx-arm64.jar;C:\Users\Brandon Du\.m2\repository\org\bytedeco\javacpp\1.5.6\javacpp-1.5.6-macosx-x86_64.jar;C:\Users\Brandon Du\.m2\repository\org\bytedeco\javacpp\1.5.6\javacpp-1.5.6-windows-x86.jar;C:\Users\Brandon Du\.m2\repository\org\bytedeco\javacpp\1.5.6\javacpp-1.5.6-windows-x86_64.jar;C:\Users\Brandon Du\.m2\repository\org\bytedeco\openblas\0.3.17-1.5.6\openblas-0.3.17-1.5.6.jar;C:\Users\Brandon Du\.m2\repository\org\bytedeco\openblas\0.3.17-1.5.6\openblas-0.3.17-1.5.6-android-arm.jar;C:\Users\Brandon Du\.m2\repository\org\bytedeco\openblas\0.3.17-1.5.6\openblas-0.3.17-1.5.6-android-arm64.jar;C:\Users\Brandon Du\.m2\repository\org\bytedeco\openblas\0.3.17-1.5.6\openblas-0.3.17-1.5.6-android-x86.jar;C:\Users\Brandon Du\.m2\repository\org\bytedeco\openblas\0.3.17-1.5.6\openblas-0.3.17-1.5.6-android-x86_64.jar;C:\Users\Brandon Du\.m2\repository\org\bytedeco\openblas\0.3.17-1.5.6\openblas-0.3.17-1.5.6-ios-arm64.jar;C:\Users\Brandon Du\.m2\repository\org\bytedeco\openblas\0.3.17-1.5.6\openblas-0.3.17-1.5.6-ios-x86_64.jar;C:\Users\Brandon Du\.m2\repository\org\bytedeco\openblas\0.3.17-1.5.6\openblas-0.3.17-1.5.6-linux-x86.jar;C:\Users\Brandon Du\.m2\repository\org\bytedeco\openblas\0.3.17-1.5.6\openblas-0.3.17-1.5.6-linux-x86_64.jar;C:\Users\Brandon Du\.m2\repository\org\bytedeco\openblas\0.3.17-1.5.6\openblas-0.3.17-1.5.6-linux-armhf.jar;C:\Users\Brandon Du\.m2\repository\org\bytedeco\openblas\0.3.17-1.5.6\openblas-0.3.17-1.5.6-linux-arm64.jar;C:\Users\Brandon Du\.m2\repository\org\bytedeco\openblas\0.3.17-1.5.6\openblas-0.3.17-1.5.6-linux-ppc64le.jar;C:\Users\Brandon Du\.m2\repository\org\bytedeco\openblas\0.3.17-1.5.6\openblas-0.3.17-1.5.6-macosx-x86_64.jar;C:\Users\Brandon Du\.m2\repository\org\bytedeco\openblas\0.3.17-1.5.6\openblas-0.3.17-1.5.6-windows-x86.jar;C:\Users\Brandon Du\.m2\repository\org\bytedeco\openblas\0.3.17-1.5.6\openblas-0.3.17-1.5.6-windows-x86_64.jar;C:\Users\Brandon Du\.m2\repository\org\bytedeco\opencv\4.5.3-1.5.6\opencv-4.5.3-1.5.6.jar;C:\Users\Brandon Du\.m2\repository\org\bytedeco\javacpp\1.5.6\javacpp-1.5.6.jar;C:\Users\Brandon Du\.m2\repository\org\bytedeco\opencv\4.5.3-1.5.6\opencv-4.5.3-1.5.6-android-arm.jar;C:\Users\Brandon Du\.m2\repository\org\bytedeco\opencv\4.5.3-1.5.6\opencv-4.5.3-1.5.6-android-arm64.jar;C:\Users\Brandon Du\.m2\repository\org\bytedeco\opencv\4.5.3-1.5.6\opencv-4.5.3-1.5.6-android-x86.jar;C:\Users\Brandon Du\.m2\repository\org\bytedeco\opencv\4.5.3-1.5.6\opencv-4.5.3-1.5.6-android-x86_64.jar;C:\Users\Brandon Du\.m2\repository\org\bytedeco\opencv\4.5.3-1.5.6\opencv-4.5.3-1.5.6-ios-arm64.jar;C:\Users\Brandon Du\.m2\repository\org\bytedeco\opencv\4.5.3-1.5.6\opencv-4.5.3-1.5.6-ios-x86_64.jar;C:\Users\Brandon Du\.m2\repository\org\bytedeco\opencv\4.5.3-1.5.6\opencv-4.5.3-1.5.6-linux-x86.jar;C:\Users\Brandon Du\.m2\repository\org\bytedeco\opencv\4.5.3-1.5.6\opencv-4.5.3-1.5.6-linux-x86_64.jar;C:\Users\Brandon Du\.m2\repository\org\bytedeco\opencv\4.5.3-1.5.6\opencv-4.5.3-1.5.6-linux-armhf.jar;C:\Users\Brandon Du\.m2\repository\org\bytedeco\opencv\4.5.3-1.5.6\opencv-4.5.3-1.5.6-linux-arm64.jar;C:\Users\Brandon Du\.m2\repository\org\bytedeco\opencv\4.5.3-1.5.6\opencv-4.5.3-1.5.6-linux-ppc64le.jar;C:\Users\Brandon Du\.m2\repository\org\bytedeco\opencv\4.5.3-1.5.6\opencv-4.5.3-1.5.6-macosx-x86_64.jar;C:\Users\Brandon Du\.m2\repository\org\bytedeco\opencv\4.5.3-1.5.6\opencv-4.5.3-1.5.6-windows-x86.jar;C:\Users\Brandon Du\.m2\repository\org\bytedeco\opencv\4.5.3-1.5.6\opencv-4.5.3-1.5.6-windows-x86_64.jar;"/>
    <property name="java.vm.vendor" value="Oracle Corporation"/>
    <property name="sun.arch.data.model" value="64"/>
    <property name="user.variant" value=""/>
    <property name="java.vendor.url" value="https://java.oracle.com/"/>
    <property name="user.timezone" value="America/Los_Angeles"/>
    <property name="os.name" value="Windows 10"/>
    <property name="java.vm.specification.version" value="18"/>
    <property name="sun.java.launcher" value="SUN_STANDARD"/>
    <property name="user.country" value="US"/>
    <property name="sun.boot.library.path" value="C:\Program Files\Java\jdk-18.0.2\bin"/>
    <property name="sun.java.command" value="C:\Users\BRANDO~1\AppData\Local\Temp\surefire13611111766860928535\surefirebooter4425495189834881342.jar C:\Users\Brandon Du\AppData\Local\Temp\surefire13611111766860928535 2024-08-07T15-08-20_161-jvmRun1 surefire2800720635310515126tmp surefire_012133069790914854888tmp"/>
    <property name="jdk.debug" value="release"/>
    <property name="surefire.test.class.path" value="C:\Users\Brandon Du\.vscode\equipment-calculator\equipment-calculator\target\test-classes;C:\Users\Brandon Du\.vscode\equipment-calculator\equipment-calculator\target\classes;C:\Users\Brandon Du\.m2\repository\junit\junit\4.11\junit-4.11.jar;C:\Users\Brandon Du\.m2\repository\org\hamcrest\hamcrest-core\1.3\hamcrest-core-1.3.jar;C:\Users\Brandon Du\.m2\repository\net\sourceforge\tess4j\tess4j\5.12.0\tess4j-5.12.0.jar;C:\Users\Brandon Du\.m2\repository\com\github\jai-imageio\jai-imageio-core\1.4.0\jai-imageio-core-1.4.0.jar;C:\Users\Brandon Du\.m2\repository\commons-io\commons-io\2.16.1\commons-io-2.16.1.jar;C:\Users\Brandon Du\.m2\repository\net\java\dev\jna\jna\5.14.0\jna-5.14.0.jar;C:\Users\Brandon Du\.m2\repository\net\sourceforge\lept4j\lept4j\1.19.1\lept4j-1.19.1.jar;C:\Users\Brandon Du\.m2\repository\org\apache\pdfbox\pdfbox\3.0.2\pdfbox-3.0.2.jar;C:\Users\Brandon Du\.m2\repository\org\apache\pdfbox\pdfbox-io\3.0.2\pdfbox-io-3.0.2.jar;C:\Users\Brandon Du\.m2\repository\org\apache\pdfbox\fontbox\3.0.2\fontbox-3.0.2.jar;C:\Users\Brandon Du\.m2\repository\commons-logging\commons-logging\1.3.0\commons-logging-1.3.0.jar;C:\Users\Brandon Du\.m2\repository\org\apache\pdfbox\pdfbox-tools\3.0.2\pdfbox-tools-3.0.2.jar;C:\Users\Brandon Du\.m2\repository\org\apache\pdfbox\pdfbox-debugger\3.0.2\pdfbox-debugger-3.0.2.jar;C:\Users\Brandon Du\.m2\repository\info\picocli\picocli\4.7.5\picocli-4.7.5.jar;C:\Users\Brandon Du\.m2\repository\org\apache\pdfbox\jbig2-imageio\3.0.4\jbig2-imageio-3.0.4.jar;C:\Users\Brandon Du\.m2\repository\org\jboss\jboss-vfs\3.2.17.Final\jboss-vfs-3.2.17.Final.jar;C:\Users\Brandon Du\.m2\repository\org\jboss\logging\jboss-logging\3.1.4.GA\jboss-logging-3.1.4.GA.jar;C:\Users\Brandon Du\.m2\repository\org\slf4j\slf4j-api\2.0.13\slf4j-api-2.0.13.jar;C:\Users\Brandon Du\.m2\repository\org\slf4j\slf4j-nop\2.0.13\slf4j-nop-2.0.13.jar;C:\Users\Brandon Du\.m2\repository\org\openpnp\opencv\4.9.0-0\opencv-4.9.0-0.jar;C:\Users\Brandon Du\.m2\repository\org\bytedeco\opencv-platform\4.5.3-1.5.6\opencv-platform-4.5.3-1.5.6.jar;C:\Users\Brandon Du\.m2\repository\org\bytedeco\openblas-platform\0.3.17-1.5.6\openblas-platform-0.3.17-1.5.6.jar;C:\Users\Brandon Du\.m2\repository\org\bytedeco\javacpp-platform\1.5.6\javacpp-platform-1.5.6.jar;C:\Users\Brandon Du\.m2\repository\org\bytedeco\javacpp\1.5.6\javacpp-1.5.6-android-arm.jar;C:\Users\Brandon Du\.m2\repository\org\bytedeco\javacpp\1.5.6\javacpp-1.5.6-android-arm64.jar;C:\Users\Brandon Du\.m2\repository\org\bytedeco\javacpp\1.5.6\javacpp-1.5.6-android-x86.jar;C:\Users\Brandon Du\.m2\repository\org\bytedeco\javacpp\1.5.6\javacpp-1.5.6-android-x86_64.jar;C:\Users\Brandon Du\.m2\repository\org\bytedeco\javacpp\1.5.6\javacpp-1.5.6-ios-arm64.jar;C:\Users\Brandon Du\.m2\repository\org\bytedeco\javacpp\1.5.6\javacpp-1.5.6-ios-x86_64.jar;C:\Users\Brandon Du\.m2\repository\org\bytedeco\javacpp\1.5.6\javacpp-1.5.6-linux-armhf.jar;C:\Users\Brandon Du\.m2\repository\org\bytedeco\javacpp\1.5.6\javacpp-1.5.6-linux-arm64.jar;C:\Users\Brandon Du\.m2\repository\org\bytedeco\javacpp\1.5.6\javacpp-1.5.6-linux-ppc64le.jar;C:\Users\Brandon Du\.m2\repository\org\bytedeco\javacpp\1.5.6\javacpp-1.5.6-linux-x86.jar;C:\Users\Brandon Du\.m2\repository\org\bytedeco\javacpp\1.5.6\javacpp-1.5.6-linux-x86_64.jar;C:\Users\Brandon Du\.m2\repository\org\bytedeco\javacpp\1.5.6\javacpp-1.5.6-macosx-arm64.jar;C:\Users\Brandon Du\.m2\repository\org\bytedeco\javacpp\1.5.6\javacpp-1.5.6-macosx-x86_64.jar;C:\Users\Brandon Du\.m2\repository\org\bytedeco\javacpp\1.5.6\javacpp-1.5.6-windows-x86.jar;C:\Users\Brandon Du\.m2\repository\org\bytedeco\javacpp\1.5.6\javacpp-1.5.6-windows-x86_64.jar;C:\Users\Brandon Du\.m2\repository\org\bytedeco\openblas\0.3.17-1.5.6\openblas-0.3.17-1.5.6.jar;C:\Users\Brandon Du\.m2\repository\org\bytedeco\openblas\0.3.17-1.5.6\openblas-0.3.17-1.5.6-android-arm.jar;C:\Users\Brandon Du\.m2\repository\org\bytedeco\openblas\0.3.17-1.5.6\openblas-0.3.17-1.5.6-android-arm64.jar;C:\Users\Brandon Du\.m2\repository\org\bytedeco\openblas\0.3.17-1.5.6\openblas-0.3.17-1.5.6-android-x86.jar;C:\Users\Brandon Du\.m2\repository\org\bytedeco\openblas\0.3.17-1.5.6\openblas-0.3.17-1.5.6-android-x86_64.jar;C:\Users\Brandon Du\.m2\repository\org\bytedeco\openblas\0.3.17-1.5.6\openblas-0.3.17-1.5.6-ios-arm64.jar;C:\Users\Brandon Du\.m2\repository\org\bytedeco\openblas\0.3.17-1.5.6\openblas-0.3.17-1.5.6-ios-x86_64.jar;C:\Users\Brandon Du\.m2\repository\org\bytedeco\openblas\0.3.17-1.5.6\openblas-0.3.17-1.5.6-linux-x86.jar;C:\Users\Brandon Du\.m2\repository\org\bytedeco\openblas\0.3.17-1.5.6\openblas-0.3.17-1.5.6-linux-x86_64.jar;C:\Users\Brandon Du\.m2\repository\org\bytedeco\openblas\0.3.17-1.5.6\openblas-0.3.17-1.5.6-linux-armhf.jar;C:\Users\Brandon Du\.m2\repository\org\bytedeco\openblas\0.3.17-1.5.6\openblas-0.3.17-1.5.6-linux-arm64.jar;C:\Users\Brandon Du\.m2\repository\org\bytedeco\openblas\0.3.17-1.5.6\openblas-0.3.17-1.5.6-linux-ppc64le.jar;C:\Users\Brandon Du\.m2\repository\org\bytedeco\openblas\0.3.17-1.5.6\openblas-0.3.17-1.5.6-macosx-x86_64.jar;C:\Users\Brandon Du\.m2\repository\org\bytedeco\openblas\0.3.17-1.5.6\openblas-0.3.17-1.5.6-windows-x86.jar;C:\Users\Brandon Du\.m2\repository\org\bytedeco\openblas\0.3.17-1.5.6\openblas-0.3.17-1.5.6-windows-x86_64.jar;C:\Users\Brandon Du\.m2\repository\org\bytedeco\opencv\4.5.3-1.5.6\opencv-4.5.3-1.5.6.jar;C:\Users\Brandon Du\.m2\repository\org\bytedeco\javacpp\1.5.6\javacpp-1.5.6.jar;C:\Users\Brandon Du\.m2\repository\org\bytedeco\opencv\4.5.3-1.5.6\opencv-4.5.3-1.5.6-android-arm.jar;C:\Users\Brandon Du\.m2\repository\org\bytedeco\opencv\4.5.3-1.5.6\opencv-4.5.3-1.5.6-android-arm64.jar;C:\Users\Brandon Du\.m2\repository\org\bytedeco\opencv\4.5.3-1.5.6\opencv-4.5.3-1.5.6-android-x86.jar;C:\Users\Brandon Du\.m2\repository\org\bytedeco\opencv\4.5.3-1.5.6\opencv-4.5.3-1.5.6-android-x86_64.jar;C:\Users\Brandon Du\.m2\repository\org\bytedeco\opencv\4.5.3-1.5.6\opencv-4.5.3-1.5.6-ios-arm64.jar;C:\Users\Brandon Du\.m2\repository\org\bytedeco\opencv\4.5.3-1.5.6\opencv-4.5.3-1.5.6-ios-x86_64.jar;C:\Users\Brandon Du\.m2\repository\org\bytedeco\opencv\4.5.3-1.5.6\opencv-4.5.3-1.5.6-linux-x86.jar;C:\Users\Brandon Du\.m2\repository\org\bytedeco\opencv\4.5.3-1.5.6\opencv-4.5.3-1.5.6-linux-x86_64.jar;C:\Users\Brandon Du\.m2\repository\org\bytedeco\opencv\4.5.3-1.5.6\opencv-4.5.3-1.5.6-linux-armhf.jar;C:\Users\Brandon Du\.m2\repository\org\bytedeco\opencv\4.5.3-1.5.6\opencv-4.5.3-1.5.6-linux-arm64.jar;C:\Users\Brandon Du\.m2\repository\org\bytedeco\opencv\4.5.3-1.5.6\opencv-4.5.3-1.5.6-linux-ppc64le.jar;C:\Users\Brandon Du\.m2\repository\org\bytedeco\opencv\4.5.3-1.5.6\opencv-4.5.3-1.5.6-macosx-x86_64.jar;C:\Users\Brandon Du\.m2\repository\org\bytedeco\opencv\4.5.3-1.5.6\opencv-4.5.3-1.5.6-windows-x86.jar;C:\Users\Brandon Du\.m2\repository\org\bytedeco\opencv\4.5.3-1.5.6\opencv-4.5.3-1.5.6-windows-x86_64.jar;"/>
    <property name="sun.cpu.endian" value="little"/>
    <property name="user.home" value="C:\Users\Brandon Du"/>
    <property name="user.language" value="en"/>
    <property name="java.specification.vendor" value="Oracle Corporation"/>
    <property name="java.version.date" value="2022-07-19"/>
    <property name="java.home" value="C:\Program Files\Java\jdk-18.0.2"/>
    <property name="file.separator" value="\"/>
    <property name="basedir" value="C:\Users\Brandon Du\.vscode\equipment-calculator\equipment-calculator"/>
    <property name="java.vm.compressedOopsMode" value="Zero based"/>
    <property name="line.separator" value="&#10;"/>
    <property name="java.vm.specification.vendor" value="Oracle Corporation"/>
    <property name="java.specification.name" value="Java Platform API Specification"/>
    <property name="surefire.real.class.path" value="C:\Users\BRANDO~1\AppData\Local\Temp\surefire13611111766860928535\surefirebooter4425495189834881342.jar"/>
    <property name="user.script" value=""/>
    <property name="sun.management.compiler" value="HotSpot 64-Bit Tiered Compilers"/>
    <property name="java.runtime.version" value="18.0.2+9-61"/>
    <property name="user.name" value="Brandon Du"/>
    <property name="path.separator" value=";"/>
    <property name="os.version" value="10.0"/>
    <property name="java.runtime.name" value="Java(TM) SE Runtime Environment"/>
    <property name="file.encoding" value="UTF-8"/>
    <property name="java.vm.name" value="Java HotSpot(TM) 64-Bit Server VM"/>
    <property name="localRepository" value="C:\Users\Brandon Du\.m2\repository"/>
    <property name="java.vendor.url.bug" value="https://bugreport.java.com/bugreport/"/>
    <property name="java.io.tmpdir" value="C:\Users\BRANDO~1\AppData\Local\Temp\"/>
    <property name="java.version" value="18.0.2"/>
    <property name="user.dir" value="C:\Users\Brandon Du\.vscode\equipment-calculator\equipment-calculator"/>
    <property name="os.arch" value="amd64"/>
    <property name="java.vm.specification.name" value="Java Virtual Machine Specification"/>
    <property name="sun.os.patch.level" value=""/>
    <property name="native.encoding" value="Cp1252"/>
    <property name="java.library.path" value="C:\Program Files\Java\jdk-18.0.2\bin;C:\Windows\Sun\Java\bin;C:\Windows\system32;C:\Windows;C:\Program Files\Common Files\Oracle\Java\javapath;C:\Program Files (x86)\Common Files\Oracle\Java\javapath;C:\Windows\system32;C:\Windows;C:\Windows\System32\Wbem;C:\Windows\System32\WindowsPowerShell\v1.0\;C:\Windows\System32\OpenSSH\;C:\Program Files\nodejs\;C:\Program Files\MATLAB\R2022b\bin;C:\Program Files\Git\cmd;C:\Program Files\dotnet\;C:\Program Files\Tesseract-OCR;C:\Users\Brandon Du\Downloads\sw-master-windows_x86_64-client;C:\Program Files (x86)\Windows Kits\10\Windows Performance Toolkit\;C:\Users\Brandon Du\Downloads\cmake-3.30.0\cmake-3.30.0;C:\Program Files\Java\jdk-18.0.2\bin;C:\Users\Brandon Du\Downloads\apache-maven-3.9.8-bin\apache-maven-3.9.8\bin;C:\Users\Brandon Du\AppData\Local\Programs\Python\Python312\Scripts\;C:\Users\Brandon Du\AppData\Local\Programs\Python\Python312\;C:\Users\Brandon Du\AppData\Roaming\local\bin;C:\Users\Brandon Du\AppData\Local\Microsoft\WindowsApps;;C:\Users\Brandon Du\AppData\Local\Programs\Microsoft VS Code\bin;C:\Users\Brandon Du\AppData\Roaming\npm;C:\ghcup\bin;C:\Users\Brandon Du\AppData\Local\Microsoft\WinGet\Packages\ezwinports.make_Microsoft.Winget.Source_8wekyb3d8bbwe\bin;C:\Users\Brandon Du\AppData\Local\Microsoft\WinGet\Packages\JernejSimoncic.Wget_Microsoft.Winget.Source_8wekyb3d8bbwe;;."/>
    <property name="java.vm.info" value="mixed mode, sharing"/>
    <property name="java.vendor" value="Oracle Corporation"/>
    <property name="java.vm.version" value="18.0.2+9-61"/>
    <property name="sun.io.unicode.encoding" value="UnicodeLittle"/>
    <property name="java.class.version" value="62.0"/>
  </properties>
  <testcase name="testTestImage" classname="namskram.AppTest" time="0.002"/>
</testsuite>